# JRE version: OpenJDK Runtime Environment (21.0.2+14) (build 21.0.2+14-LTS)
# Java VM: OpenJDK 64-Bit Server VM (21.0.2+14-LTS, mixed mode, sharing, tiered, compressed oops, compressed class ptrs, g1 gc, linux-amd64)
GC Precious Log:
 CardTable entry size: 512
 Card Set container configuration: InlinePtr #cards 4 size 8 Array Of Cards #cards 16 size 48 Howl #buckets 8 coarsen threshold 3686 Howl Bitmap #cards 512 size 80 coarsen threshold 460 Card regions per heap region 1 cards per card region 4096
 CPUs: 4 total, 4 available
 Memory: 15684M
 Large Page Support: Disabled
 NUMA Support: Disabled
 Compressed Oops: Enabled (Zero based)
 Heap Region Size: 2M
 Heap Min Capacity: 8M
 Heap Initial Capacity: 246M
 Heap Max Capacity: 3922M
 Pre-touch: Disabled
 Parallel Workers: 4
 Concurrent Workers: 1
 Concurrent Refinement Workers: 4
 Periodic GC: Disabled
Heap:
 garbage-first heap   total 69632K, used 26005K [0x000000070ae00000, 0x0000000800000000)
  region size 2048K, 9 young (18432K), 2 survivors (4096K)
 Metaspace       used 23763K, committed 24064K, reserved 1114112K
  class space    used 3111K, committed 3264K, reserved 1048576K
GC Heap History (18 events):
Event: 0.977 GC heap before
{Heap before GC invocations=0 (full 0):
 garbage-first heap   total 253952K, used 13390K [0x000000070ae00000, 0x0000000800000000)
  region size 2048K, 6 young (12288K), 0 survivors (0K)
 Metaspace       used 6238K, committed 6464K, reserved 1114112K
  class space    used 657K, committed 768K, reserved 1048576K
}
Event: 0.988 GC heap after
{Heap after GC invocations=1 (full 0):
 garbage-first heap   total 253952K, used 3362K [0x000000070ae00000, 0x0000000800000000)
  region size 2048K, 1 young (2048K), 1 survivors (2048K)
 Metaspace       used 6238K, committed 6464K, reserved 1114112K
  class space    used 657K, committed 768K, reserved 1048576K
}
Event: 1.907 GC heap before
{Heap before GC invocations=1 (full 0):
 garbage-first heap   total 253952K, used 23842K [0x000000070ae00000, 0x0000000800000000)
  region size 2048K, 12 young (24576K), 1 survivors (2048K)
 Metaspace       used 14565K, committed 14848K, reserved 1114112K
  class space    used 1705K, committed 1856K, reserved 1048576K
}
Event: 1.921 GC heap after
{Heap after GC invocations=2 (full 0):
 garbage-first heap   total 253952K, used 10827K [0x000000070ae00000, 0x0000000800000000)
  region size 2048K, 2 young (4096K), 2 survivors (4096K)
 Metaspace       used 14565K, committed 14848K, reserved 1114112K
  class space    used 1705K, committed 1856K, reserved 1048576K
}
Event: 3.403 GC heap before
{Heap before GC invocations=2 (full 0):
 garbage-first heap   total 253952K, used 21067K [0x000000070ae00000, 0x0000000800000000)
  region size 2048K, 7 young (14336K), 2 survivors (4096K)
 Metaspace       used 21242K, committed 21504K, reserved 1114112K
  class space    used 2862K, committed 3008K, reserved 1048576K
}
Event: 3.412 GC heap after
{Heap after GC invocations=3 (full 0):
 garbage-first heap   total 253952K, used 15353K [0x000000070ae00000, 0x0000000800000000)
  region size 2048K, 2 young (4096K), 2 survivors (4096K)
 Metaspace       used 21242K, committed 21504K, reserved 1114112K
  class space    used 2862K, committed 3008K, reserved 1048576K
}
Event: 20.614 GC heap before
{Heap before GC invocations=4 (full 0):
 garbage-first heap   total 69632K, used 52217K [0x000000070ae00000, 0x0000000800000000)
  region size 2048K, 20 young (40960K), 2 survivors (4096K)
 Metaspace       used 22931K, committed 23296K, reserved 1114112K
  class space    used 3026K, committed 3200K, reserved 1048576K
}
Event: 20.619 GC heap after
{Heap after GC invocations=5 (full 0):
 garbage-first heap   total 69632K, used 15550K [0x000000070ae00000, 0x0000000800000000)
  region size 2048K, 2 young (4096K), 2 survivors (4096K)
 Metaspace       used 22931K, committed 23296K, reserved 1114112K
  class space    used 3026K, committed 3200K, reserved 1048576K
}
Event: 24.252 GC heap before
{Heap before GC invocations=5 (full 0):
 garbage-first heap   total 69632K, used 52414K [0x000000070ae00000, 0x0000000800000000)
  region size 2048K, 20 young (40960K), 2 survivors (4096K)
 Metaspace       used 22949K, committed 23296K, reserved 1114112K
  class space    used 3026K, committed 3200K, reserved 1048576K
}
Event: 24.256 GC heap after
{Heap after GC invocations=6 (full 0):
 garbage-first heap   total 69632K, used 13735K [0x000000070ae00000, 0x0000000800000000)
  region size 2048K, 2 young (4096K), 2 survivors (4096K)
 Metaspace       used 22949K, committed 23296K, reserved 1114112K
  class space    used 3026K, committed 3200K, reserved 1048576K
}
Event: 39.581 GC heap before
{Heap before GC invocations=6 (full 0):
 garbage-first heap   total 69632K, used 50599K [0x000000070ae00000, 0x0000000800000000)
  region size 2048K, 20 young (40960K), 2 survivors (4096K)
 Metaspace       used 23524K, committed 23872K, reserved 1114112K
  class space    used 3108K, committed 3264K, reserved 1048576K
}
Event: 39.585 GC heap after
{Heap after GC invocations=7 (full 0):
 garbage-first heap   total 69632K, used 13848K [0x000000070ae00000, 0x0000000800000000)
  region size 2048K, 2 young (4096K), 2 survivors (4096K)
 Metaspace       used 23524K, committed 23872K, reserved 1114112K
  class space    used 3108K, committed 3264K, reserved 1048576K
}
Event: 47.829 GC heap before
{Heap before GC invocations=7 (full 0):
 garbage-first heap   total 69632K, used 50712K [0x000000070ae00000, 0x0000000800000000)
  region size 2048K, 20 young (40960K), 2 survivors (4096K)
 Metaspace       used 23678K, committed 24000K, reserved 1114112K
  class space    used 3108K, committed 3264K, reserved 1048576K
}
Event: 47.835 GC heap after
{Heap after GC invocations=8 (full 0):
 garbage-first heap   total 69632K, used 13674K [0x000000070ae00000, 0x0000000800000000)
  region size 2048K, 2 young (4096K), 2 survivors (4096K)
 Metaspace       used 23678K, committed 24000K, reserved 1114112K
  class space    used 3108K, committed 3264K, reserved 1048576K
}
Event: 54.203 GC heap before
{Heap before GC invocations=8 (full 0):
 garbage-first heap   total 69632K, used 50538K [0x000000070ae00000, 0x0000000800000000)
  region size 2048K, 20 young (40960K), 2 survivors (4096K)
 Metaspace       used 23700K, committed 24000K, reserved 1114112K
  class space    used 3108K, committed 3264K, reserved 1048576K
}
Event: 54.206 GC heap after
{Heap after GC invocations=9 (full 0):
 garbage-first heap   total 69632K, used 13807K [0x000000070ae00000, 0x0000000800000000)
  region size 2048K, 2 young (4096K), 2 survivors (4096K)
 Metaspace       used 23700K, committed 24000K, reserved 1114112K
  class space    used 3108K, committed 3264K, reserved 1048576K
}
Event: 70.969 GC heap before
{Heap before GC invocations=9 (full 0):
 garbage-first heap   total 69632K, used 50671K [0x000000070ae00000, 0x0000000800000000)
  region size 2048K, 20 young (40960K), 2 survivors (4096K)
 Metaspace       used 23734K, committed 24064K, reserved 1114112K
  class space    used 3108K, committed 3264K, reserved 1048576K
}
Event: 70.975 GC heap after
{Heap after GC invocations=10 (full 0):
 garbage-first heap   total 69632K, used 13717K [0x000000070ae00000, 0x0000000800000000)
  region size 2048K, 2 young (4096K), 2 survivors (4096K)
 Metaspace       used 23734K, committed 24064K, reserved 1114112K
  class space    used 3108K, committed 3264K, reserved 1048576K
}

